<?xml version="1.0" encoding="UTF-8"?>
<!-- Generated by org.testng.reporters.JUnitReportReporter -->
<testsuite hostname="LTIN184223" failures="1" tests="3" name="cucumberOptions.TestNGRunner" time="118.398" errors="0" timestamp="2022-12-29T05:45:17 IST" skipped="0">
  <testcase classname="cucumberOptions.TestNGRunner" name="runScenario" time="40.269"/>
  <system-out/>
  <testcase classname="cucumberOptions.TestNGRunner" name="runScenario" time="39.079">
    <failure message="expected [Beetroot] but found [No data]" type="java.lang.AssertionError">
      <![CDATA[java.lang.AssertionError: expected [Beetroot] but found [No data]
at org.testng.Assert.fail(Assert.java:110)
at org.testng.Assert.failNotEquals(Assert.java:1413)
at org.testng.Assert.assertEqualsImpl(Assert.java:149)
at org.testng.Assert.assertEquals(Assert.java:131)
at org.testng.Assert.assertEquals(Assert.java:655)
at org.testng.Assert.assertEquals(Assert.java:665)
at StepDefinitions.OfferPageStepDefinition.validate_if_product_name_in_offers_page_matches_with_Landing_page(OfferPageStepDefinition.java:58)
at ✽.validate if product name in offers page matches with Landing page(file:///C:/Users/2130053/eclipse-workspace/Training/src/test/java/features/searchProduct.feature:8)
]]>
    </failure>
  </testcase> <!-- runScenario -->
  <system-out/>
  <testcase classname="cucumberOptions.TestNGRunner" name="runScenario" time="39.050"/>
  <system-out/>
</testsuite> <!-- cucumberOptions.TestNGRunner -->
